0 info it worked if it ends with ok
1 verbose cli [ '/usr/bin/node', '/usr/bin/npm', 'install', '-g', 'jasmine' ]
2 info using npm@1.3.14
3 info using node@v0.10.22
4 verbose node symlink /usr/bin/node
5 verbose cache add [ 'jasmine', null ]
6 verbose cache add name=undefined spec="jasmine" args=["jasmine",null]
7 verbose parsed url { protocol: null,
7 verbose parsed url   slashes: null,
7 verbose parsed url   auth: null,
7 verbose parsed url   host: null,
7 verbose parsed url   port: null,
7 verbose parsed url   hostname: null,
7 verbose parsed url   hash: null,
7 verbose parsed url   search: null,
7 verbose parsed url   query: null,
7 verbose parsed url   pathname: 'jasmine',
7 verbose parsed url   path: 'jasmine',
7 verbose parsed url   href: 'jasmine' }
8 silly lockFile 5bfd08bd-jasmine jasmine
9 verbose lock jasmine /home/nolan/.npm/5bfd08bd-jasmine.lock
10 silly lockFile 5bfd08bd-jasmine jasmine
11 silly lockFile 5bfd08bd-jasmine jasmine
12 verbose addNamed [ 'jasmine', '' ]
13 verbose addNamed [ null, '*' ]
14 silly lockFile fdd358a6-jasmine jasmine@
15 verbose lock jasmine@ /home/nolan/.npm/fdd358a6-jasmine.lock
16 silly addNameRange { name: 'jasmine', range: '*', hasData: false }
17 verbose url raw jasmine
18 verbose url resolving [ 'https://registry.npmjs.org/', './jasmine' ]
19 verbose url resolved https://registry.npmjs.org/jasmine
20 info trying registry request attempt 1 at 04:49:53
21 http GET https://registry.npmjs.org/jasmine
22 http 404 https://registry.npmjs.org/jasmine
23 silly registry.get cb [ 404,
23 silly registry.get   { server: 'CouchDB/1.5.0 (Erlang OTP/R15B03)',
23 silly registry.get     date: 'Wed, 04 Dec 2013 10:49:55 GMT',
23 silly registry.get     'content-type': 'application/json',
23 silly registry.get     'content-length': '52',
23 silly registry.get     'cache-control': 'must-revalidate' } ]
24 silly lockFile fdd358a6-jasmine jasmine@
25 silly lockFile fdd358a6-jasmine jasmine@
26 error 404 'jasmine' is not in the npm registry.
26 error 404 You should bug the author to publish it
26 error 404
26 error 404 Note that you can also install from a
26 error 404 tarball, folder, or http url, or git url.
27 error System Linux 3.8.0-33-generic
28 error command "/usr/bin/node" "/usr/bin/npm" "install" "-g" "jasmine"
29 error cwd /home/nolan/CS278/tide
30 error node -v v0.10.22
31 error npm -v 1.3.14
32 error code E404
33 verbose exit [ 1, true ]
